<?xml version="1.0" encoding="UTF-8"?>
<testsuite name="com.polarbookshop.catalogservice.web.BookJsonTests" tests="2" skipped="0" failures="0" errors="0" timestamp="2024-04-11T07:43:22" hostname="idongmin-ui-MacBookPro.local" time="0.039">
  <properties/>
  <testcase name="testSerialize()" classname="com.polarbookshop.catalogservice.web.BookJsonTests" time="0.019"/>
  <testcase name="testDeserialize()" classname="com.polarbookshop.catalogservice.web.BookJsonTests" time="0.019"/>
  <system-out><![CDATA[2024-04-11T16:43:22.811+09:00  INFO 90378 --- [catalog-service] [    Test worker] t.c.s.AnnotationConfigContextLoaderUtils : Could not detect default configuration classes for test class [com.polarbookshop.catalogservice.web.BookJsonTests]: BookJsonTests does not declare any static, non-private, non-final, nested classes annotated with @Configuration.
2024-04-11T16:43:22.817+09:00  INFO 90378 --- [catalog-service] [    Test worker] .b.t.c.SpringBootTestContextBootstrapper : Found @SpringBootConfiguration com.polarbookshop.catalogservice.CatalogServiceApplication for test class com.polarbookshop.catalogservice.web.BookJsonTests

  .   ____          _            __ _ _
 /\\ / ___'_ __ _ _(_)_ __  __ _ \ \ \ \
( ( )\___ | '_ | '_| | '_ \/ _` | \ \ \ \
 \\/  ___)| |_)| | | | | || (_| |  ) ) ) )
  '  |____| .__|_| |_|_| |_\__, | / / / /
 =========|_|==============|___/=/_/_/_/
 :: Spring Boot ::                (v3.2.4)

2024-04-11T16:43:22.842+09:00  INFO 90378 --- [catalog-service] [    Test worker] c.p.catalogservice.web.BookJsonTests     : Starting BookJsonTests using Java 17.0.10 with PID 90378 (started by dongmin in /Users/dongmin/study/cloud-native-spring/catalog-service)
2024-04-11T16:43:22.842+09:00  INFO 90378 --- [catalog-service] [    Test worker] c.p.catalogservice.web.BookJsonTests     : No active profile set, falling back to 1 default profile: "default"
2024-04-11T16:43:22.910+09:00  INFO 90378 --- [catalog-service] [    Test worker] c.p.catalogservice.web.BookJsonTests     : Started BookJsonTests in 0.09 seconds (process running for 2.749)
]]></system-out>
  <system-err><![CDATA[]]></system-err>
</testsuite>
